<?xml version="1.0" encoding="UTF-8"?>
<!-- Generated by org.testng.reporters.JUnitReportReporter -->
<testsuite skipped="0" hostname="DESKTOP-8A29R4R" name="org.taskadact.SampleTask" tests="3" failures="0" timestamp="2021-04-07T19:51:09 IST" time="2.406" errors="0">
  <testcase name="tc0" time="1.001" classname="org.taskadact.SampleTask"/>
  <system-out/>
  <testcase name="tc0" time="0.669" classname="org.taskadact.SampleTask"/>
  <system-out/>
  <testcase name="tc0" time="0.736" classname="org.taskadact.SampleTask"/>
  <system-out/>
</testsuite> <!-- org.taskadact.SampleTask -->
