<?xml version="1.0" encoding="UTF-8"?>
<!-- Generated by org.testng.reporters.JUnitReportReporter -->
<testsuite skipped="0" hostname="DESKTOP-8A29R4R" name="org.extentreport.ExtendReporthtml" tests="2" failures="0" timestamp="2021-04-10T17:14:00 IST" time="2.048" errors="0">
  <testcase name="tc1" time="2.024" classname="org.extentreport.ExtendReporthtml"/>
  <system-out/>
  <testcase name="tc0" time="0.024" classname="org.extentreport.ExtendReporthtml"/>
  <system-out/>
</testsuite> <!-- org.extentreport.ExtendReporthtml -->
