<?xml version="1.0" encoding="UTF-8"?>
<!-- Generated by org.testng.reporters.JUnitReportReporter -->
<testsuite skipped="0" hostname="DESKTOP-8A29R4R" name="org.taskadact.AdactinHotelWorkingClass" tests="5" failures="0" timestamp="2021-04-07T17:32:05 IST" time="20.841" errors="0">
  <testcase name="test2" time="1.913" classname="org.taskadact.AdactinHotelWorkingClass"/>
  <system-out/>
  <testcase name="test4" time="1.168" classname="org.taskadact.AdactinHotelWorkingClass"/>
  <system-out/>
  <testcase name="test3" time="1.132" classname="org.taskadact.AdactinHotelWorkingClass"/>
  <system-out/>
  <testcase name="test5" time="14.033" classname="org.taskadact.AdactinHotelWorkingClass"/>
  <system-out/>
  <testcase name="test1" time="2.595" classname="org.taskadact.AdactinHotelWorkingClass"/>
  <system-out/>
</testsuite> <!-- org.taskadact.AdactinHotelWorkingClass -->
