<?xml version="1.0" encoding="UTF-8"?>
<!-- Generated by org.testng.reporters.JUnitReportReporter -->
<testsuite skipped="0" hostname="DESKTOP-8A29R4R" name="org.airlinedemo.ExecutingClass" tests="4" failures="0" timestamp="2021-04-11T19:24:40 IST" time="5.336" errors="0">
  <testcase name="testcase1city" time="1.434" classname="org.airlinedemo.ExecutingClass"/>
  <system-out/>
  <testcase name="testcase2ChooseFlights" time="1.012" classname="org.airlinedemo.ExecutingClass"/>
  <system-out/>
  <testcase name="testCase3Register" time="2.531" classname="org.airlinedemo.ExecutingClass"/>
  <system-out/>
  <testcase name="testCasePassengerId" time="0.359" classname="org.airlinedemo.ExecutingClass"/>
  <system-out/>
</testsuite> <!-- org.airlinedemo.ExecutingClass -->
