<?xml version="1.0" encoding="UTF-8"?>
<!-- Generated by org.testng.reporters.JUnitReportReporter -->
<testsuite skipped="286" hostname="DESKTOP-8A29R4R" name="org.rerun.AdactinAutomationRerun" tests="291" failures="0" timestamp="2021-04-10T11:42:57 IST" time="25.011" errors="0">
  <testcase name="test5" time="0.015" classname="org.rerun.AdactinAutomationRerun">
    <skipped/>
  </testcase> <!-- test5 -->
  <system-out/>
  <testcase name="test5" time="0.017" classname="org.rerun.AdactinAutomationRerun">
    <skipped/>
  </testcase> <!-- test5 -->
  <system-out/>
  <testcase name="test5" time="0.013" classname="org.rerun.AdactinAutomationRerun">
    <skipped/>
  </testcase> <!-- test5 -->
  <system-out/>
  <testcase name="test5" time="0.015" classname="org.rerun.AdactinAutomationRerun">
    <skipped/>
  </testcase> <!-- test5 -->
  <system-out/>
  <testcase name="test5" time="0.015" classname="org.rerun.AdactinAutomationRerun">
    <skipped/>
  </testcase> <!-- test5 -->
  <system-out/>
  <testcase name="test5" time="0.014" classname="org.rerun.AdactinAutomationRerun">
    <skipped/>
  </testcase> <!-- test5 -->
  <system-out/>
  <testcase name="test5" time="0.015" classname="org.rerun.AdactinAutomationRerun">
    <skipped/>
  </testcase> <!-- test5 -->
  <system-out/>
  <testcase name="test5" time="0.015" classname="org.rerun.AdactinAutomationRerun">
    <skipped/>
  </testcase> <!-- test5 -->
  <system-out/>
  <testcase name="test5" time="0.017" classname="org.rerun.AdactinAutomationRerun">
    <skipped/>
  </testcase> <!-- test5 -->
  <system-out/>
  <testcase name="test5" time="0.028" classname="org.rerun.AdactinAutomationRerun">
    <skipped/>
  </testcase> <!-- test5 -->
  <system-out/>
  <testcase name="test5" time="0.018" classname="org.rerun.AdactinAutomationRerun">
    <skipped/>
  </testcase> <!-- test5 -->
  <system-out/>
  <testcase name="test5" time="0.014" classname="org.rerun.AdactinAutomationRerun">
    <skipped/>
  </testcase> <!-- test5 -->
  <system-out/>
  <testcase name="test5" time="0.019" classname="org.rerun.AdactinAutomationRerun">
    <skipped/>
  </testcase> <!-- test5 -->
  <system-out/>
  <testcase name="test5" time="0.013" classname="org.rerun.AdactinAutomationRerun">
    <skipped/>
  </testcase> <!-- test5 -->
  <system-out/>
  <testcase name="test5" time="0.015" classname="org.rerun.AdactinAutomationRerun">
    <skipped/>
  </testcase> <!-- test5 -->
  <system-out/>
  <testcase name="test5" time="0.021" classname="org.rerun.AdactinAutomationRerun">
    <skipped/>
  </testcase> <!-- test5 -->
  <system-out/>
  <testcase name="test5" time="0.013" classname="org.rerun.AdactinAutomationRerun">
    <skipped/>
  </testcase> <!-- test5 -->
  <system-out/>
  <testcase name="test5" time="0.015" classname="org.rerun.AdactinAutomationRerun">
    <skipped/>
  </testcase> <!-- test5 -->
  <system-out/>
  <testcase name="test5" time="0.013" classname="org.rerun.AdactinAutomationRerun">
    <skipped/>
  </testcase> <!-- test5 -->
  <system-out/>
  <testcase name="test5" time="0.017" classname="org.rerun.AdactinAutomationRerun">
    <skipped/>
  </testcase> <!-- test5 -->
  <system-out/>
  <testcase name="test5" time="0.014" classname="org.rerun.AdactinAutomationRerun">
    <skipped/>
  </testcase> <!-- test5 -->
  <system-out/>
  <testcase name="test5" time="0.015" classname="org.rerun.AdactinAutomationRerun">
    <skipped/>
  </testcase> <!-- test5 -->
  <system-out/>
  <testcase name="test5" time="0.018" classname="org.rerun.AdactinAutomationRerun">
    <skipped/>
  </testcase> <!-- test5 -->
  <system-out/>
  <testcase name="test5" time="0.014" classname="org.rerun.AdactinAutomationRerun">
    <skipped/>
  </testcase> <!-- test5 -->
  <system-out/>
  <testcase name="test5" time="0.016" classname="org.rerun.AdactinAutomationRerun">
    <skipped/>
  </testcase> <!-- test5 -->
  <system-out/>
  <testcase name="test5" time="0.015" classname="org.rerun.AdactinAutomationRerun">
    <skipped/>
  </testcase> <!-- test5 -->
  <system-out/>
  <testcase name="test5" time="0.022" classname="org.rerun.AdactinAutomationRerun">
    <skipped/>
  </testcase> <!-- test5 -->
  <system-out/>
  <testcase name="test5" time="0.014" classname="org.rerun.AdactinAutomationRerun">
    <skipped/>
  </testcase> <!-- test5 -->
  <system-out/>
  <testcase name="test5" time="0.015" classname="org.rerun.AdactinAutomationRerun">
    <skipped/>
  </testcase> <!-- test5 -->
  <system-out/>
  <testcase name="test5" time="0.014" classname="org.rerun.AdactinAutomationRerun">
    <skipped/>
  </testcase> <!-- test5 -->
  <system-out/>
  <testcase name="test5" time="0.014" classname="org.rerun.AdactinAutomationRerun">
    <skipped/>
  </testcase> <!-- test5 -->
  <system-out/>
  <testcase name="test5" time="0.013" classname="org.rerun.AdactinAutomationRerun">
    <skipped/>
  </testcase> <!-- test5 -->
  <system-out/>
  <testcase name="test5" time="0.016" classname="org.rerun.AdactinAutomationRerun">
    <skipped/>
  </testcase> <!-- test5 -->
  <system-out/>
  <testcase name="test5" time="0.012" classname="org.rerun.AdactinAutomationRerun">
    <skipped/>
  </testcase> <!-- test5 -->
  <system-out/>
  <testcase name="test5" time="0.014" classname="org.rerun.AdactinAutomationRerun">
    <skipped/>
  </testcase> <!-- test5 -->
  <system-out/>
  <testcase name="test5" time="0.015" classname="org.rerun.AdactinAutomationRerun">
    <skipped/>
  </testcase> <!-- test5 -->
  <system-out/>
  <testcase name="test5" time="0.015" classname="org.rerun.AdactinAutomationRerun">
    <skipped/>
  </testcase> <!-- test5 -->
  <system-out/>
  <testcase name="test5" time="0.018" classname="org.rerun.AdactinAutomationRerun">
    <skipped/>
  </testcase> <!-- test5 -->
  <system-out/>
  <testcase name="test5" time="0.013" classname="org.rerun.AdactinAutomationRerun">
    <skipped/>
  </testcase> <!-- test5 -->
  <system-out/>
  <testcase name="test5" time="0.024" classname="org.rerun.AdactinAutomationRerun">
    <skipped/>
  </testcase> <!-- test5 -->
  <system-out/>
  <testcase name="test5" time="0.017" classname="org.rerun.AdactinAutomationRerun">
    <skipped/>
  </testcase> <!-- test5 -->
  <system-out/>
  <testcase name="test5" time="0.024" classname="org.rerun.AdactinAutomationRerun">
    <skipped/>
  </testcase> <!-- test5 -->
  <system-out/>
  <testcase name="test5" time="0.015" classname="org.rerun.AdactinAutomationRerun">
    <skipped/>
  </testcase> <!-- test5 -->
  <system-out/>
  <testcase name="test5" time="0.014" classname="org.rerun.AdactinAutomationRerun">
    <skipped/>
  </testcase> <!-- test5 -->
  <system-out/>
  <testcase name="test5" time="0.036" classname="org.rerun.AdactinAutomationRerun">
    <skipped/>
  </testcase> <!-- test5 -->
  <system-out/>
  <testcase name="test5" time="0.024" classname="org.rerun.AdactinAutomationRerun">
    <skipped/>
  </testcase> <!-- test5 -->
  <system-out/>
  <testcase name="test5" time="0.016" classname="org.rerun.AdactinAutomationRerun">
    <skipped/>
  </testcase> <!-- test5 -->
  <system-out/>
  <testcase name="test5" time="0.018" classname="org.rerun.AdactinAutomationRerun">
    <skipped/>
  </testcase> <!-- test5 -->
  <system-out/>
  <testcase name="test2" time="3.025" classname="org.rerun.AdactinAutomationRerun"/>
  <system-out/>
  <testcase name="test5" time="0.014" classname="org.rerun.AdactinAutomationRerun">
    <skipped/>
  </testcase> <!-- test5 -->
  <system-out/>
  <testcase name="test5" time="0.014" classname="org.rerun.AdactinAutomationRerun">
    <skipped/>
  </testcase> <!-- test5 -->
  <system-out/>
  <testcase name="test5" time="0.017" classname="org.rerun.AdactinAutomationRerun">
    <skipped/>
  </testcase> <!-- test5 -->
  <system-out/>
  <testcase name="test5" time="0.019" classname="org.rerun.AdactinAutomationRerun">
    <skipped/>
  </testcase> <!-- test5 -->
  <system-out/>
  <testcase name="test5" time="0.015" classname="org.rerun.AdactinAutomationRerun">
    <skipped/>
  </testcase> <!-- test5 -->
  <system-out/>
  <testcase name="test5" time="0.015" classname="org.rerun.AdactinAutomationRerun">
    <skipped/>
  </testcase> <!-- test5 -->
  <system-out/>
  <testcase name="test5" time="0.016" classname="org.rerun.AdactinAutomationRerun">
    <skipped/>
  </testcase> <!-- test5 -->
  <system-out/>
  <testcase name="test4" time="1.112" classname="org.rerun.AdactinAutomationRerun"/>
  <system-out/>
  <testcase name="test5" time="0.016" classname="org.rerun.AdactinAutomationRerun">
    <skipped/>
  </testcase> <!-- test5 -->
  <system-out/>
  <testcase name="test5" time="0.020" classname="org.rerun.AdactinAutomationRerun">
    <skipped/>
  </testcase> <!-- test5 -->
  <system-out/>
  <testcase name="test5" time="0.015" classname="org.rerun.AdactinAutomationRerun">
    <skipped/>
  </testcase> <!-- test5 -->
  <system-out/>
  <testcase name="test5" time="0.016" classname="org.rerun.AdactinAutomationRerun">
    <skipped/>
  </testcase> <!-- test5 -->
  <system-out/>
  <testcase name="test5" time="0.015" classname="org.rerun.AdactinAutomationRerun">
    <skipped/>
  </testcase> <!-- test5 -->
  <system-out/>
  <testcase name="test5" time="0.016" classname="org.rerun.AdactinAutomationRerun">
    <skipped/>
  </testcase> <!-- test5 -->
  <system-out/>
  <testcase name="test5" time="0.015" classname="org.rerun.AdactinAutomationRerun">
    <skipped/>
  </testcase> <!-- test5 -->
  <system-out/>
  <testcase name="test5" time="0.014" classname="org.rerun.AdactinAutomationRerun">
    <skipped/>
  </testcase> <!-- test5 -->
  <system-out/>
  <testcase name="test5" time="0.014" classname="org.rerun.AdactinAutomationRerun">
    <skipped/>
  </testcase> <!-- test5 -->
  <system-out/>
  <testcase name="test5" time="0.016" classname="org.rerun.AdactinAutomationRerun">
    <skipped/>
  </testcase> <!-- test5 -->
  <system-out/>
  <testcase name="test5" time="0.014" classname="org.rerun.AdactinAutomationRerun">
    <skipped/>
  </testcase> <!-- test5 -->
  <system-out/>
  <testcase name="test5" time="0.014" classname="org.rerun.AdactinAutomationRerun">
    <skipped/>
  </testcase> <!-- test5 -->
  <system-out/>
  <testcase name="test5" time="0.019" classname="org.rerun.AdactinAutomationRerun">
    <skipped/>
  </testcase> <!-- test5 -->
  <system-out/>
  <testcase name="test5" time="0.013" classname="org.rerun.AdactinAutomationRerun">
    <skipped/>
  </testcase> <!-- test5 -->
  <system-out/>
  <testcase name="test5" time="0.015" classname="org.rerun.AdactinAutomationRerun">
    <skipped/>
  </testcase> <!-- test5 -->
  <system-out/>
  <testcase name="test5" time="0.015" classname="org.rerun.AdactinAutomationRerun">
    <skipped/>
  </testcase> <!-- test5 -->
  <system-out/>
  <testcase name="test5" time="0.014" classname="org.rerun.AdactinAutomationRerun">
    <skipped/>
  </testcase> <!-- test5 -->
  <system-out/>
  <testcase name="test5" time="0.016" classname="org.rerun.AdactinAutomationRerun">
    <skipped/>
  </testcase> <!-- test5 -->
  <system-out/>
  <testcase name="test5" time="0.017" classname="org.rerun.AdactinAutomationRerun">
    <skipped/>
  </testcase> <!-- test5 -->
  <system-out/>
  <testcase name="test5" time="0.032" classname="org.rerun.AdactinAutomationRerun">
    <skipped/>
  </testcase> <!-- test5 -->
  <system-out/>
  <testcase name="test5" time="0.027" classname="org.rerun.AdactinAutomationRerun">
    <skipped/>
  </testcase> <!-- test5 -->
  <system-out/>
  <testcase name="test5" time="0.022" classname="org.rerun.AdactinAutomationRerun">
    <skipped/>
  </testcase> <!-- test5 -->
  <system-out/>
  <testcase name="test5" time="0.016" classname="org.rerun.AdactinAutomationRerun">
    <skipped/>
  </testcase> <!-- test5 -->
  <system-out/>
  <testcase name="test5" time="0.013" classname="org.rerun.AdactinAutomationRerun">
    <skipped/>
  </testcase> <!-- test5 -->
  <system-out/>
  <testcase name="test5" time="0.015" classname="org.rerun.AdactinAutomationRerun">
    <skipped/>
  </testcase> <!-- test5 -->
  <system-out/>
  <testcase name="test1" time="14.424" classname="org.rerun.AdactinAutomationRerun"/>
  <system-out/>
  <testcase name="test5" time="0.014" classname="org.rerun.AdactinAutomationRerun">
    <skipped/>
  </testcase> <!-- test5 -->
  <system-out/>
  <testcase name="test5" time="0.015" classname="org.rerun.AdactinAutomationRerun">
    <skipped/>
  </testcase> <!-- test5 -->
  <system-out/>
  <testcase name="test5" time="0.015" classname="org.rerun.AdactinAutomationRerun">
    <skipped/>
  </testcase> <!-- test5 -->
  <system-out/>
  <testcase name="test5" time="0.016" classname="org.rerun.AdactinAutomationRerun">
    <skipped/>
  </testcase> <!-- test5 -->
  <system-out/>
  <testcase name="test5" time="0.011" classname="org.rerun.AdactinAutomationRerun">
    <skipped/>
  </testcase> <!-- test5 -->
  <system-out/>
  <testcase name="test5" time="0.016" classname="org.rerun.AdactinAutomationRerun">
    <skipped/>
  </testcase> <!-- test5 -->
  <system-out/>
  <testcase name="test5" time="0.013" classname="org.rerun.AdactinAutomationRerun">
    <skipped/>
  </testcase> <!-- test5 -->
  <system-out/>
  <testcase name="test5" time="0.014" classname="org.rerun.AdactinAutomationRerun">
    <skipped/>
  </testcase> <!-- test5 -->
  <system-out/>
  <testcase name="test5" time="0.014" classname="org.rerun.AdactinAutomationRerun">
    <skipped/>
  </testcase> <!-- test5 -->
  <system-out/>
  <testcase name="test5" time="0.014" classname="org.rerun.AdactinAutomationRerun">
    <skipped/>
  </testcase> <!-- test5 -->
  <system-out/>
  <testcase name="test5" time="0.024" classname="org.rerun.AdactinAutomationRerun">
    <skipped/>
  </testcase> <!-- test5 -->
  <system-out/>
  <testcase name="test5" time="0.014" classname="org.rerun.AdactinAutomationRerun">
    <skipped/>
  </testcase> <!-- test5 -->
  <system-out/>
  <testcase name="test5" time="0.017" classname="org.rerun.AdactinAutomationRerun">
    <skipped/>
  </testcase> <!-- test5 -->
  <system-out/>
  <testcase name="test5" time="0.021" classname="org.rerun.AdactinAutomationRerun">
    <skipped/>
  </testcase> <!-- test5 -->
  <system-out/>
  <testcase name="test5" time="0.015" classname="org.rerun.AdactinAutomationRerun">
    <skipped/>
  </testcase> <!-- test5 -->
  <system-out/>
  <testcase name="test5" time="0.012" classname="org.rerun.AdactinAutomationRerun">
    <skipped/>
  </testcase> <!-- test5 -->
  <system-out/>
  <testcase name="test5" time="0.017" classname="org.rerun.AdactinAutomationRerun">
    <skipped/>
  </testcase> <!-- test5 -->
  <system-out/>
  <testcase name="test5" time="0.015" classname="org.rerun.AdactinAutomationRerun">
    <skipped/>
  </testcase> <!-- test5 -->
  <system-out/>
  <testcase name="test5" time="0.016" classname="org.rerun.AdactinAutomationRerun">
    <skipped/>
  </testcase> <!-- test5 -->
  <system-out/>
  <testcase name="test5" time="0.017" classname="org.rerun.AdactinAutomationRerun">
    <skipped/>
  </testcase> <!-- test5 -->
  <system-out/>
  <testcase name="test5" time="0.017" classname="org.rerun.AdactinAutomationRerun">
    <skipped/>
  </testcase> <!-- test5 -->
  <system-out/>
  <testcase name="test5" time="0.015" classname="org.rerun.AdactinAutomationRerun">
    <skipped/>
  </testcase> <!-- test5 -->
  <system-out/>
  <testcase name="test5" time="0.017" classname="org.rerun.AdactinAutomationRerun">
    <skipped/>
  </testcase> <!-- test5 -->
  <system-out/>
  <testcase name="test5" time="0.014" classname="org.rerun.AdactinAutomationRerun">
    <skipped/>
  </testcase> <!-- test5 -->
  <system-out/>
  <testcase name="test5" time="0.024" classname="org.rerun.AdactinAutomationRerun">
    <skipped/>
  </testcase> <!-- test5 -->
  <system-out/>
  <testcase name="test5" time="0.016" classname="org.rerun.AdactinAutomationRerun">
    <skipped/>
  </testcase> <!-- test5 -->
  <system-out/>
  <testcase name="test5" time="0.030" classname="org.rerun.AdactinAutomationRerun">
    <skipped/>
  </testcase> <!-- test5 -->
  <system-out/>
  <testcase name="test5" time="0.018" classname="org.rerun.AdactinAutomationRerun">
    <skipped/>
  </testcase> <!-- test5 -->
  <system-out/>
  <testcase name="test5" time="0.022" classname="org.rerun.AdactinAutomationRerun">
    <skipped/>
  </testcase> <!-- test5 -->
  <system-out/>
  <testcase name="test5" time="0.015" classname="org.rerun.AdactinAutomationRerun">
    <skipped/>
  </testcase> <!-- test5 -->
  <system-out/>
  <testcase name="test5" time="0.015" classname="org.rerun.AdactinAutomationRerun">
    <skipped/>
  </testcase> <!-- test5 -->
  <system-out/>
  <testcase name="test5" time="0.015" classname="org.rerun.AdactinAutomationRerun">
    <skipped/>
  </testcase> <!-- test5 -->
  <system-out/>
  <testcase name="test5" time="0.015" classname="org.rerun.AdactinAutomationRerun">
    <skipped/>
  </testcase> <!-- test5 -->
  <system-out/>
  <testcase name="test5" time="0.015" classname="org.rerun.AdactinAutomationRerun">
    <skipped/>
  </testcase> <!-- test5 -->
  <system-out/>
  <testcase name="test5" time="0.016" classname="org.rerun.AdactinAutomationRerun">
    <skipped/>
  </testcase> <!-- test5 -->
  <system-out/>
  <testcase name="test5" time="0.013" classname="org.rerun.AdactinAutomationRerun">
    <skipped/>
  </testcase> <!-- test5 -->
  <system-out/>
  <testcase name="test5" time="0.025" classname="org.rerun.AdactinAutomationRerun">
    <skipped/>
  </testcase> <!-- test5 -->
  <system-out/>
  <testcase name="test5" time="0.013" classname="org.rerun.AdactinAutomationRerun">
    <skipped/>
  </testcase> <!-- test5 -->
  <system-out/>
  <testcase name="test5" time="0.015" classname="org.rerun.AdactinAutomationRerun">
    <skipped/>
  </testcase> <!-- test5 -->
  <system-out/>
  <testcase name="test5" time="0.015" classname="org.rerun.AdactinAutomationRerun">
    <skipped/>
  </testcase> <!-- test5 -->
  <system-out/>
  <testcase name="test5" time="0.012" classname="org.rerun.AdactinAutomationRerun">
    <skipped/>
  </testcase> <!-- test5 -->
  <system-out/>
  <testcase name="test5" time="0.017" classname="org.rerun.AdactinAutomationRerun">
    <skipped/>
  </testcase> <!-- test5 -->
  <system-out/>
  <testcase name="test5" time="0.017" classname="org.rerun.AdactinAutomationRerun">
    <skipped/>
  </testcase> <!-- test5 -->
  <system-out/>
  <testcase name="test5" time="0.013" classname="org.rerun.AdactinAutomationRerun">
    <skipped/>
  </testcase> <!-- test5 -->
  <system-out/>
  <testcase name="test5" time="0.015" classname="org.rerun.AdactinAutomationRerun">
    <skipped/>
  </testcase> <!-- test5 -->
  <system-out/>
  <testcase name="test5" time="0.017" classname="org.rerun.AdactinAutomationRerun">
    <skipped/>
  </testcase> <!-- test5 -->
  <system-out/>
  <testcase name="test5" time="0.015" classname="org.rerun.AdactinAutomationRerun">
    <skipped/>
  </testcase> <!-- test5 -->
  <system-out/>
  <testcase name="test5" time="0.016" classname="org.rerun.AdactinAutomationRerun">
    <skipped/>
  </testcase> <!-- test5 -->
  <system-out/>
  <testcase name="test5" time="0.028" classname="org.rerun.AdactinAutomationRerun">
    <skipped/>
  </testcase> <!-- test5 -->
  <system-out/>
  <testcase name="test5" time="0.015" classname="org.rerun.AdactinAutomationRerun">
    <skipped/>
  </testcase> <!-- test5 -->
  <system-out/>
  <testcase name="test5" time="0.015" classname="org.rerun.AdactinAutomationRerun">
    <skipped/>
  </testcase> <!-- test5 -->
  <system-out/>
  <testcase name="test5" time="0.019" classname="org.rerun.AdactinAutomationRerun">
    <skipped/>
  </testcase> <!-- test5 -->
  <system-out/>
  <testcase name="test5" time="0.018" classname="org.rerun.AdactinAutomationRerun">
    <skipped/>
  </testcase> <!-- test5 -->
  <system-out/>
  <testcase name="test5" time="0.013" classname="org.rerun.AdactinAutomationRerun">
    <skipped/>
  </testcase> <!-- test5 -->
  <system-out/>
  <testcase name="test5" time="0.016" classname="org.rerun.AdactinAutomationRerun">
    <skipped/>
  </testcase> <!-- test5 -->
  <system-out/>
  <testcase name="test5" time="0.015" classname="org.rerun.AdactinAutomationRerun">
    <skipped/>
  </testcase> <!-- test5 -->
  <system-out/>
  <testcase name="test5" time="0.019" classname="org.rerun.AdactinAutomationRerun">
    <skipped/>
  </testcase> <!-- test5 -->
  <system-out/>
  <testcase name="test5" time="0.015" classname="org.rerun.AdactinAutomationRerun">
    <skipped/>
  </testcase> <!-- test5 -->
  <system-out/>
  <testcase name="test5" time="0.015" classname="org.rerun.AdactinAutomationRerun">
    <skipped/>
  </testcase> <!-- test5 -->
  <system-out/>
  <testcase name="test5" time="0.014" classname="org.rerun.AdactinAutomationRerun">
    <skipped/>
  </testcase> <!-- test5 -->
  <system-out/>
  <testcase name="test5" time="0.015" classname="org.rerun.AdactinAutomationRerun">
    <skipped/>
  </testcase> <!-- test5 -->
  <system-out/>
  <testcase name="test5" time="0.016" classname="org.rerun.AdactinAutomationRerun">
    <skipped/>
  </testcase> <!-- test5 -->
  <system-out/>
  <testcase name="test5" time="0.014" classname="org.rerun.AdactinAutomationRerun">
    <skipped/>
  </testcase> <!-- test5 -->
  <system-out/>
  <testcase name="test5" time="0.011" classname="org.rerun.AdactinAutomationRerun">
    <skipped/>
  </testcase> <!-- test5 -->
  <system-out/>
  <testcase name="test5" time="0.012" classname="org.rerun.AdactinAutomationRerun">
    <skipped/>
  </testcase> <!-- test5 -->
  <system-out/>
  <testcase name="test5" time="0.042" classname="org.rerun.AdactinAutomationRerun">
    <skipped/>
  </testcase> <!-- test5 -->
  <system-out/>
  <testcase name="test5" time="0.019" classname="org.rerun.AdactinAutomationRerun">
    <skipped/>
  </testcase> <!-- test5 -->
  <system-out/>
  <testcase name="test5" time="0.015" classname="org.rerun.AdactinAutomationRerun">
    <skipped/>
  </testcase> <!-- test5 -->
  <system-out/>
  <testcase name="test5" time="0.014" classname="org.rerun.AdactinAutomationRerun">
    <skipped/>
  </testcase> <!-- test5 -->
  <system-out/>
  <testcase name="test5" time="0.015" classname="org.rerun.AdactinAutomationRerun">
    <skipped/>
  </testcase> <!-- test5 -->
  <system-out/>
  <testcase name="test5" time="0.014" classname="org.rerun.AdactinAutomationRerun">
    <skipped/>
  </testcase> <!-- test5 -->
  <system-out/>
  <testcase name="test5" time="0.024" classname="org.rerun.AdactinAutomationRerun">
    <skipped/>
  </testcase> <!-- test5 -->
  <system-out/>
  <testcase name="test5" time="0.020" classname="org.rerun.AdactinAutomationRerun">
    <skipped/>
  </testcase> <!-- test5 -->
  <system-out/>
  <testcase name="test5" time="0.013" classname="org.rerun.AdactinAutomationRerun">
    <skipped/>
  </testcase> <!-- test5 -->
  <system-out/>
  <testcase name="test5" time="0.017" classname="org.rerun.AdactinAutomationRerun">
    <skipped/>
  </testcase> <!-- test5 -->
  <system-out/>
  <testcase name="test5" time="0.014" classname="org.rerun.AdactinAutomationRerun">
    <skipped/>
  </testcase> <!-- test5 -->
  <system-out/>
  <testcase name="test5" time="0.019" classname="org.rerun.AdactinAutomationRerun">
    <skipped/>
  </testcase> <!-- test5 -->
  <system-out/>
  <testcase name="test5" time="0.016" classname="org.rerun.AdactinAutomationRerun">
    <skipped/>
  </testcase> <!-- test5 -->
  <system-out/>
  <testcase name="test5" time="0.021" classname="org.rerun.AdactinAutomationRerun">
    <skipped/>
  </testcase> <!-- test5 -->
  <system-out/>
  <testcase name="test5" time="0.015" classname="org.rerun.AdactinAutomationRerun">
    <skipped/>
  </testcase> <!-- test5 -->
  <system-out/>
  <testcase name="test5" time="0.017" classname="org.rerun.AdactinAutomationRerun">
    <skipped/>
  </testcase> <!-- test5 -->
  <system-out/>
  <testcase name="test5" time="0.017" classname="org.rerun.AdactinAutomationRerun">
    <skipped/>
  </testcase> <!-- test5 -->
  <system-out/>
  <testcase name="test5" time="0.014" classname="org.rerun.AdactinAutomationRerun">
    <skipped/>
  </testcase> <!-- test5 -->
  <system-out/>
  <testcase name="test5" time="0.015" classname="org.rerun.AdactinAutomationRerun">
    <skipped/>
  </testcase> <!-- test5 -->
  <system-out/>
  <testcase name="test5" time="0.017" classname="org.rerun.AdactinAutomationRerun">
    <skipped/>
  </testcase> <!-- test5 -->
  <system-out/>
  <testcase name="test5" time="0.027" classname="org.rerun.AdactinAutomationRerun">
    <skipped/>
  </testcase> <!-- test5 -->
  <system-out/>
  <testcase name="test5" time="0.014" classname="org.rerun.AdactinAutomationRerun">
    <skipped/>
  </testcase> <!-- test5 -->
  <system-out/>
  <testcase name="test5" time="0.016" classname="org.rerun.AdactinAutomationRerun">
    <skipped/>
  </testcase> <!-- test5 -->
  <system-out/>
  <testcase name="test5" time="0.016" classname="org.rerun.AdactinAutomationRerun">
    <skipped/>
  </testcase> <!-- test5 -->
  <system-out/>
  <testcase name="test5" time="0.014" classname="org.rerun.AdactinAutomationRerun">
    <skipped/>
  </testcase> <!-- test5 -->
  <system-out/>
  <testcase name="test5" time="0.014" classname="org.rerun.AdactinAutomationRerun">
    <skipped/>
  </testcase> <!-- test5 -->
  <system-out/>
  <testcase name="test5" time="0.017" classname="org.rerun.AdactinAutomationRerun">
    <skipped/>
  </testcase> <!-- test5 -->
  <system-out/>
  <testcase name="test5" time="0.014" classname="org.rerun.AdactinAutomationRerun">
    <skipped/>
  </testcase> <!-- test5 -->
  <system-out/>
  <testcase name="test5" time="0.014" classname="org.rerun.AdactinAutomationRerun">
    <skipped/>
  </testcase> <!-- test5 -->
  <system-out/>
  <testcase name="test5" time="0.014" classname="org.rerun.AdactinAutomationRerun">
    <skipped/>
  </testcase> <!-- test5 -->
  <system-out/>
  <testcase name="test5" time="0.014" classname="org.rerun.AdactinAutomationRerun">
    <skipped/>
  </testcase> <!-- test5 -->
  <system-out/>
  <testcase name="test5" time="0.014" classname="org.rerun.AdactinAutomationRerun">
    <skipped/>
  </testcase> <!-- test5 -->
  <system-out/>
  <testcase name="test5" time="0.011" classname="org.rerun.AdactinAutomationRerun">
    <skipped/>
  </testcase> <!-- test5 -->
  <system-out/>
  <testcase name="test5" time="0.015" classname="org.rerun.AdactinAutomationRerun">
    <skipped/>
  </testcase> <!-- test5 -->
  <system-out/>
  <testcase name="test5" time="0.019" classname="org.rerun.AdactinAutomationRerun">
    <skipped/>
  </testcase> <!-- test5 -->
  <system-out/>
  <testcase name="test5" time="0.014" classname="org.rerun.AdactinAutomationRerun">
    <skipped/>
  </testcase> <!-- test5 -->
  <system-out/>
  <testcase name="test5" time="0.021" classname="org.rerun.AdactinAutomationRerun">
    <skipped/>
  </testcase> <!-- test5 -->
  <system-out/>
  <testcase name="test5" time="0.016" classname="org.rerun.AdactinAutomationRerun">
    <skipped/>
  </testcase> <!-- test5 -->
  <system-out/>
  <testcase name="test5" time="0.020" classname="org.rerun.AdactinAutomationRerun">
    <skipped/>
  </testcase> <!-- test5 -->
  <system-out/>
  <testcase name="test5" time="0.014" classname="org.rerun.AdactinAutomationRerun">
    <skipped/>
  </testcase> <!-- test5 -->
  <system-out/>
  <testcase name="test5" time="0.014" classname="org.rerun.AdactinAutomationRerun">
    <skipped/>
  </testcase> <!-- test5 -->
  <system-out/>
  <testcase name="test5" time="0.019" classname="org.rerun.AdactinAutomationRerun">
    <skipped/>
  </testcase> <!-- test5 -->
  <system-out/>
  <testcase name="test5" time="0.024" classname="org.rerun.AdactinAutomationRerun">
    <skipped/>
  </testcase> <!-- test5 -->
  <system-out/>
  <testcase name="test5" time="0.015" classname="org.rerun.AdactinAutomationRerun">
    <skipped/>
  </testcase> <!-- test5 -->
  <system-out/>
  <testcase name="test5" time="0.014" classname="org.rerun.AdactinAutomationRerun">
    <skipped/>
  </testcase> <!-- test5 -->
  <system-out/>
  <testcase name="test5" time="0.013" classname="org.rerun.AdactinAutomationRerun">
    <skipped/>
  </testcase> <!-- test5 -->
  <system-out/>
  <testcase name="test5" time="0.012" classname="org.rerun.AdactinAutomationRerun">
    <skipped/>
  </testcase> <!-- test5 -->
  <system-out/>
  <testcase name="test5" time="0.013" classname="org.rerun.AdactinAutomationRerun">
    <skipped/>
  </testcase> <!-- test5 -->
  <system-out/>
  <testcase name="test5" time="0.023" classname="org.rerun.AdactinAutomationRerun">
    <skipped/>
  </testcase> <!-- test5 -->
  <system-out/>
  <testcase name="test5" time="0.014" classname="org.rerun.AdactinAutomationRerun">
    <skipped/>
  </testcase> <!-- test5 -->
  <system-out/>
  <testcase name="test5" time="0.014" classname="org.rerun.AdactinAutomationRerun">
    <skipped/>
  </testcase> <!-- test5 -->
  <system-out/>
  <testcase name="test5" time="0.014" classname="org.rerun.AdactinAutomationRerun">
    <skipped/>
  </testcase> <!-- test5 -->
  <system-out/>
  <testcase name="test5" time="0.014" classname="org.rerun.AdactinAutomationRerun">
    <skipped/>
  </testcase> <!-- test5 -->
  <system-out/>
  <testcase name="test5" time="0.016" classname="org.rerun.AdactinAutomationRerun">
    <skipped/>
  </testcase> <!-- test5 -->
  <system-out/>
  <testcase name="test5" time="1.100" classname="org.rerun.AdactinAutomationRerun"/>
  <system-out/>
  <testcase name="test5" time="0.014" classname="org.rerun.AdactinAutomationRerun">
    <skipped/>
  </testcase> <!-- test5 -->
  <system-out/>
  <testcase name="test5" time="0.015" classname="org.rerun.AdactinAutomationRerun">
    <skipped/>
  </testcase> <!-- test5 -->
  <system-out/>
  <testcase name="test5" time="0.015" classname="org.rerun.AdactinAutomationRerun">
    <skipped/>
  </testcase> <!-- test5 -->
  <system-out/>
  <testcase name="test5" time="0.014" classname="org.rerun.AdactinAutomationRerun">
    <skipped/>
  </testcase> <!-- test5 -->
  <system-out/>
  <testcase name="test5" time="0.015" classname="org.rerun.AdactinAutomationRerun">
    <skipped/>
  </testcase> <!-- test5 -->
  <system-out/>
  <testcase name="test5" time="0.016" classname="org.rerun.AdactinAutomationRerun">
    <skipped/>
  </testcase> <!-- test5 -->
  <system-out/>
  <testcase name="test5" time="0.040" classname="org.rerun.AdactinAutomationRerun">
    <skipped/>
  </testcase> <!-- test5 -->
  <system-out/>
  <testcase name="test5" time="0.026" classname="org.rerun.AdactinAutomationRerun">
    <skipped/>
  </testcase> <!-- test5 -->
  <system-out/>
  <testcase name="test5" time="0.015" classname="org.rerun.AdactinAutomationRerun">
    <skipped/>
  </testcase> <!-- test5 -->
  <system-out/>
  <testcase name="test5" time="0.020" classname="org.rerun.AdactinAutomationRerun">
    <skipped/>
  </testcase> <!-- test5 -->
  <system-out/>
  <testcase name="test5" time="0.015" classname="org.rerun.AdactinAutomationRerun">
    <skipped/>
  </testcase> <!-- test5 -->
  <system-out/>
  <testcase name="test5" time="0.015" classname="org.rerun.AdactinAutomationRerun">
    <skipped/>
  </testcase> <!-- test5 -->
  <system-out/>
  <testcase name="test5" time="0.016" classname="org.rerun.AdactinAutomationRerun">
    <skipped/>
  </testcase> <!-- test5 -->
  <system-out/>
  <testcase name="test5" time="0.015" classname="org.rerun.AdactinAutomationRerun">
    <skipped/>
  </testcase> <!-- test5 -->
  <system-out/>
  <testcase name="test5" time="0.016" classname="org.rerun.AdactinAutomationRerun">
    <skipped/>
  </testcase> <!-- test5 -->
  <system-out/>
  <testcase name="test5" time="0.013" classname="org.rerun.AdactinAutomationRerun">
    <skipped/>
  </testcase> <!-- test5 -->
  <system-out/>
  <testcase name="test5" time="0.012" classname="org.rerun.AdactinAutomationRerun">
    <skipped/>
  </testcase> <!-- test5 -->
  <system-out/>
  <testcase name="test5" time="0.017" classname="org.rerun.AdactinAutomationRerun">
    <skipped/>
  </testcase> <!-- test5 -->
  <system-out/>
  <testcase name="test5" time="0.013" classname="org.rerun.AdactinAutomationRerun">
    <skipped/>
  </testcase> <!-- test5 -->
  <system-out/>
  <testcase name="test5" time="0.015" classname="org.rerun.AdactinAutomationRerun">
    <skipped/>
  </testcase> <!-- test5 -->
  <system-out/>
  <testcase name="test5" time="0.015" classname="org.rerun.AdactinAutomationRerun">
    <skipped/>
  </testcase> <!-- test5 -->
  <system-out/>
  <testcase name="test5" time="0.017" classname="org.rerun.AdactinAutomationRerun">
    <skipped/>
  </testcase> <!-- test5 -->
  <system-out/>
  <testcase name="test5" time="0.015" classname="org.rerun.AdactinAutomationRerun">
    <skipped/>
  </testcase> <!-- test5 -->
  <system-out/>
  <testcase name="test5" time="0.016" classname="org.rerun.AdactinAutomationRerun">
    <skipped/>
  </testcase> <!-- test5 -->
  <system-out/>
  <testcase name="test5" time="0.016" classname="org.rerun.AdactinAutomationRerun">
    <skipped/>
  </testcase> <!-- test5 -->
  <system-out/>
  <testcase name="test5" time="0.016" classname="org.rerun.AdactinAutomationRerun">
    <skipped/>
  </testcase> <!-- test5 -->
  <system-out/>
  <testcase name="test5" time="0.029" classname="org.rerun.AdactinAutomationRerun">
    <skipped/>
  </testcase> <!-- test5 -->
  <system-out/>
  <testcase name="test5" time="0.014" classname="org.rerun.AdactinAutomationRerun">
    <skipped/>
  </testcase> <!-- test5 -->
  <system-out/>
  <testcase name="test5" time="0.023" classname="org.rerun.AdactinAutomationRerun">
    <skipped/>
  </testcase> <!-- test5 -->
  <system-out/>
  <testcase name="test5" time="0.014" classname="org.rerun.AdactinAutomationRerun">
    <skipped/>
  </testcase> <!-- test5 -->
  <system-out/>
  <testcase name="test5" time="0.016" classname="org.rerun.AdactinAutomationRerun">
    <skipped/>
  </testcase> <!-- test5 -->
  <system-out/>
  <testcase name="test5" time="0.014" classname="org.rerun.AdactinAutomationRerun">
    <skipped/>
  </testcase> <!-- test5 -->
  <system-out/>
  <testcase name="test5" time="0.013" classname="org.rerun.AdactinAutomationRerun">
    <skipped/>
  </testcase> <!-- test5 -->
  <system-out/>
  <testcase name="test5" time="0.019" classname="org.rerun.AdactinAutomationRerun">
    <skipped/>
  </testcase> <!-- test5 -->
  <system-out/>
  <testcase name="test5" time="0.014" classname="org.rerun.AdactinAutomationRerun">
    <skipped/>
  </testcase> <!-- test5 -->
  <system-out/>
  <testcase name="test5" time="0.018" classname="org.rerun.AdactinAutomationRerun">
    <skipped/>
  </testcase> <!-- test5 -->
  <system-out/>
  <testcase name="test5" time="0.016" classname="org.rerun.AdactinAutomationRerun">
    <skipped/>
  </testcase> <!-- test5 -->
  <system-out/>
  <testcase name="test5" time="0.017" classname="org.rerun.AdactinAutomationRerun">
    <skipped/>
  </testcase> <!-- test5 -->
  <system-out/>
  <testcase name="test5" time="0.014" classname="org.rerun.AdactinAutomationRerun">
    <skipped/>
  </testcase> <!-- test5 -->
  <system-out/>
  <testcase name="test5" time="0.014" classname="org.rerun.AdactinAutomationRerun">
    <skipped/>
  </testcase> <!-- test5 -->
  <system-out/>
  <testcase name="test5" time="0.022" classname="org.rerun.AdactinAutomationRerun">
    <skipped/>
  </testcase> <!-- test5 -->
  <system-out/>
  <testcase name="test5" time="0.016" classname="org.rerun.AdactinAutomationRerun">
    <skipped/>
  </testcase> <!-- test5 -->
  <system-out/>
  <testcase name="test5" time="0.015" classname="org.rerun.AdactinAutomationRerun">
    <skipped/>
  </testcase> <!-- test5 -->
  <system-out/>
  <testcase name="test5" time="0.012" classname="org.rerun.AdactinAutomationRerun">
    <skipped/>
  </testcase> <!-- test5 -->
  <system-out/>
  <testcase name="test5" time="0.015" classname="org.rerun.AdactinAutomationRerun">
    <skipped/>
  </testcase> <!-- test5 -->
  <system-out/>
  <testcase name="test5" time="0.016" classname="org.rerun.AdactinAutomationRerun">
    <skipped/>
  </testcase> <!-- test5 -->
  <system-out/>
  <testcase name="test5" time="0.016" classname="org.rerun.AdactinAutomationRerun">
    <skipped/>
  </testcase> <!-- test5 -->
  <system-out/>
  <testcase name="test5" time="0.015" classname="org.rerun.AdactinAutomationRerun">
    <skipped/>
  </testcase> <!-- test5 -->
  <system-out/>
  <testcase name="test5" time="0.012" classname="org.rerun.AdactinAutomationRerun">
    <skipped/>
  </testcase> <!-- test5 -->
  <system-out/>
  <testcase name="test5" time="0.026" classname="org.rerun.AdactinAutomationRerun">
    <skipped/>
  </testcase> <!-- test5 -->
  <system-out/>
  <testcase name="test5" time="0.016" classname="org.rerun.AdactinAutomationRerun">
    <skipped/>
  </testcase> <!-- test5 -->
  <system-out/>
  <testcase name="test3" time="0.661" classname="org.rerun.AdactinAutomationRerun"/>
  <system-out/>
  <testcase name="test5" time="0.015" classname="org.rerun.AdactinAutomationRerun">
    <skipped/>
  </testcase> <!-- test5 -->
  <system-out/>
  <testcase name="test5" time="0.024" classname="org.rerun.AdactinAutomationRerun">
    <skipped/>
  </testcase> <!-- test5 -->
  <system-out/>
  <testcase name="test5" time="0.015" classname="org.rerun.AdactinAutomationRerun">
    <skipped/>
  </testcase> <!-- test5 -->
  <system-out/>
  <testcase name="test5" time="0.014" classname="org.rerun.AdactinAutomationRerun">
    <skipped/>
  </testcase> <!-- test5 -->
  <system-out/>
  <testcase name="test5" time="0.016" classname="org.rerun.AdactinAutomationRerun">
    <skipped/>
  </testcase> <!-- test5 -->
  <system-out/>
  <testcase name="test5" time="0.017" classname="org.rerun.AdactinAutomationRerun">
    <skipped/>
  </testcase> <!-- test5 -->
  <system-out/>
  <testcase name="test5" time="0.014" classname="org.rerun.AdactinAutomationRerun">
    <skipped/>
  </testcase> <!-- test5 -->
  <system-out/>
  <testcase name="test5" time="0.013" classname="org.rerun.AdactinAutomationRerun">
    <skipped/>
  </testcase> <!-- test5 -->
  <system-out/>
  <testcase name="test5" time="0.014" classname="org.rerun.AdactinAutomationRerun">
    <skipped/>
  </testcase> <!-- test5 -->
  <system-out/>
  <testcase name="test5" time="0.014" classname="org.rerun.AdactinAutomationRerun">
    <skipped/>
  </testcase> <!-- test5 -->
  <system-out/>
  <testcase name="test5" time="0.015" classname="org.rerun.AdactinAutomationRerun">
    <skipped/>
  </testcase> <!-- test5 -->
  <system-out/>
  <testcase name="test5" time="0.016" classname="org.rerun.AdactinAutomationRerun">
    <skipped/>
  </testcase> <!-- test5 -->
  <system-out/>
  <testcase name="test5" time="0.014" classname="org.rerun.AdactinAutomationRerun">
    <skipped/>
  </testcase> <!-- test5 -->
  <system-out/>
  <testcase name="test5" time="0.019" classname="org.rerun.AdactinAutomationRerun">
    <skipped/>
  </testcase> <!-- test5 -->
  <system-out/>
  <testcase name="test5" time="0.013" classname="org.rerun.AdactinAutomationRerun">
    <skipped/>
  </testcase> <!-- test5 -->
  <system-out/>
  <testcase name="test5" time="0.016" classname="org.rerun.AdactinAutomationRerun">
    <skipped/>
  </testcase> <!-- test5 -->
  <system-out/>
  <testcase name="test5" time="0.016" classname="org.rerun.AdactinAutomationRerun">
    <skipped/>
  </testcase> <!-- test5 -->
  <system-out/>
  <testcase name="test5" time="0.013" classname="org.rerun.AdactinAutomationRerun">
    <skipped/>
  </testcase> <!-- test5 -->
  <system-out/>
  <testcase name="test5" time="0.017" classname="org.rerun.AdactinAutomationRerun">
    <skipped/>
  </testcase> <!-- test5 -->
  <system-out/>
  <testcase name="test5" time="0.011" classname="org.rerun.AdactinAutomationRerun">
    <skipped/>
  </testcase> <!-- test5 -->
  <system-out/>
  <testcase name="test5" time="0.015" classname="org.rerun.AdactinAutomationRerun">
    <skipped/>
  </testcase> <!-- test5 -->
  <system-out/>
  <testcase name="test5" time="0.021" classname="org.rerun.AdactinAutomationRerun">
    <skipped/>
  </testcase> <!-- test5 -->
  <system-out/>
  <testcase name="test5" time="0.017" classname="org.rerun.AdactinAutomationRerun">
    <skipped/>
  </testcase> <!-- test5 -->
  <system-out/>
  <testcase name="test5" time="0.012" classname="org.rerun.AdactinAutomationRerun">
    <skipped/>
  </testcase> <!-- test5 -->
  <system-out/>
  <testcase name="test5" time="0.019" classname="org.rerun.AdactinAutomationRerun">
    <skipped/>
  </testcase> <!-- test5 -->
  <system-out/>
  <testcase name="test5" time="0.015" classname="org.rerun.AdactinAutomationRerun">
    <skipped/>
  </testcase> <!-- test5 -->
  <system-out/>
  <testcase name="test5" time="0.022" classname="org.rerun.AdactinAutomationRerun">
    <skipped/>
  </testcase> <!-- test5 -->
  <system-out/>
  <testcase name="test5" time="0.015" classname="org.rerun.AdactinAutomationRerun">
    <skipped/>
  </testcase> <!-- test5 -->
  <system-out/>
  <testcase name="test5" time="0.015" classname="org.rerun.AdactinAutomationRerun">
    <skipped/>
  </testcase> <!-- test5 -->
  <system-out/>
  <testcase name="test5" time="0.014" classname="org.rerun.AdactinAutomationRerun">
    <skipped/>
  </testcase> <!-- test5 -->
  <system-out/>
  <testcase name="test5" time="0.014" classname="org.rerun.AdactinAutomationRerun">
    <skipped/>
  </testcase> <!-- test5 -->
  <system-out/>
  <testcase name="test5" time="0.017" classname="org.rerun.AdactinAutomationRerun">
    <skipped/>
  </testcase> <!-- test5 -->
  <system-out/>
  <testcase name="test5" time="0.015" classname="org.rerun.AdactinAutomationRerun">
    <skipped/>
  </testcase> <!-- test5 -->
  <system-out/>
  <testcase name="test5" time="0.023" classname="org.rerun.AdactinAutomationRerun">
    <skipped/>
  </testcase> <!-- test5 -->
  <system-out/>
  <testcase name="test5" time="0.017" classname="org.rerun.AdactinAutomationRerun">
    <skipped/>
  </testcase> <!-- test5 -->
  <system-out/>
  <testcase name="test5" time="0.016" classname="org.rerun.AdactinAutomationRerun">
    <skipped/>
  </testcase> <!-- test5 -->
  <system-out/>
</testsuite> <!-- org.rerun.AdactinAutomationRerun -->
