<?xml version="1.0" encoding="UTF-8"?>
<!-- Generated by org.testng.reporters.JUnitReportReporter -->
<testsuite skipped="0" hostname="DESKTOP-8A29R4R" name="org.testng.Sample" tests="2" failures="0" timestamp="07 Apr 2021 09:59:09 GMT" time="0.015" errors="0">
  <testcase name="tc1" time="0.013" classname="org.testng.Sample"/>
  <testcase name="tc0" time="0.002" classname="org.testng.Sample"/>
</testsuite> <!-- org.testng.Sample -->
