<?xml version="1.0" encoding="UTF-8"?>
<!-- Generated by org.testng.reporters.JUnitReportReporter -->
<testsuite skipped="0" hostname="DESKTOP-8A29R4R" name="org.rerun.RerunSampleManual" tests="1" failures="0" timestamp="2021-04-10T10:35:34 IST" time="0.013" errors="0">
  <testcase name="tc24" time="0.013" classname="org.rerun.RerunSampleManual"/>
  <system-out/>
</testsuite> <!-- org.rerun.RerunSampleManual -->
