<?xml version="1.0" encoding="UTF-8"?>
<!-- Generated by org.testng.reporters.JUnitReportReporter -->
<testsuite skipped="0" hostname="DESKTOP-8A29R4R" name="org.AssertHardandSoft.AssertAdactinImplementation" tests="5" failures="0" timestamp="2021-04-09T11:11:55 IST" time="33.603" errors="0">
  <testcase name="test1" time="13.924" classname="org.AssertHardandSoft.AssertAdactinImplementation"/>
  <system-out/>
  <testcase name="test2" time="2.620" classname="org.AssertHardandSoft.AssertAdactinImplementation"/>
  <system-out/>
  <testcase name="test4" time="1.041" classname="org.AssertHardandSoft.AssertAdactinImplementation"/>
  <system-out/>
  <testcase name="test3" time="1.036" classname="org.AssertHardandSoft.AssertAdactinImplementation"/>
  <system-out/>
  <testcase name="test5" time="14.982" classname="org.AssertHardandSoft.AssertAdactinImplementation"/>
  <system-out/>
</testsuite> <!-- org.AssertHardandSoft.AssertAdactinImplementation -->
