<?xml version="1.0" encoding="UTF-8"?>
<!-- Generated by org.testng.reporters.JUnitReportReporter -->
<testsuite skipped="0" hostname="DESKTOP-8A29R4R" name="org.groups.IncludeandExclude" tests="4" failures="0" timestamp="2021-04-08T20:39:34 IST" time="0.023" errors="0">
  <testcase name="tc1" time="0.011" classname="org.groups.IncludeandExclude"/>
  <system-out/>
  <testcase name="tc3" time="0.004" classname="org.groups.IncludeandExclude"/>
  <system-out/>
  <testcase name="tc2" time="0.001" classname="org.groups.IncludeandExclude"/>
  <system-out/>
  <testcase name="tc4" time="0.007" classname="org.groups.IncludeandExclude"/>
  <system-out/>
</testsuite> <!-- org.groups.IncludeandExclude -->
